SF:lib\common\exception.dart
DA:6,4
LF:1
LH:1
end_of_record
SF:lib\data\datasources\movie_local_data_source.dart
DA:15,1
DA:17,1
DA:20,2
DA:23,2
DA:27,1
DA:30,2
DA:33,2
DA:37,1
DA:39,2
DA:41,1
DA:47,1
DA:50,2
DA:51,4
DA:53,2
LF:14
LH:14
end_of_record
SF:lib\helpers\test_helper.mocks.dart
DA:45,0
DA:46,0
DA:51,1
DA:52,1
DA:57,1
DA:58,1
DA:62,2
DA:63,2
DA:68,0
DA:69,0
DA:76,0
DA:77,0
DA:80,0
DA:82,0
DA:84,0
DA:85,0
DA:86,0
DA:88,0
DA:90,0
DA:92,0
DA:93,0
DA:94,0
DA:96,0
DA:98,0
DA:100,0
DA:101,0
DA:102,0
DA:104,0
DA:107,0
DA:109,0
DA:110,0
DA:111,0
DA:113,0
DA:116,0
DA:118,0
DA:119,0
DA:120,0
DA:122,0
DA:125,0
DA:127,0
DA:128,0
DA:129,0
DA:131,0
DA:134,0
DA:135,0
DA:136,0
DA:137,0
DA:139,0
DA:142,0
DA:143,0
DA:144,0
DA:145,0
DA:147,0
DA:149,0
DA:150,0
DA:151,0
DA:153,0
DA:155,0
DA:156,0
DA:157,0
DA:165,0
DA:166,0
DA:169,0
DA:171,0
DA:173,0
DA:174,0
DA:175,0
DA:177,0
DA:179,0
DA:181,0
DA:182,0
DA:183,0
DA:185,0
DA:187,0
DA:189,0
DA:190,0
DA:191,0
DA:193,0
DA:195,0
DA:197,0
DA:198,0
DA:199,0
DA:201,0
DA:204,0
DA:206,0
DA:207,0
DA:208,0
DA:210,0
DA:213,0
DA:215,0
DA:216,0
DA:217,0
DA:219,0
DA:222,0
DA:223,0
DA:224,0
DA:225,0
DA:227,0
DA:230,0
DA:231,0
DA:232,0
DA:233,0
DA:235,0
DA:237,0
DA:238,0
DA:239,0
DA:241,0
DA:243,0
DA:244,0
DA:245,0
DA:254,1
DA:255,1
DA:258,1
DA:260,3
DA:262,2
DA:264,1
DA:266,3
DA:268,2
DA:270,1
DA:272,3
DA:274,2
DA:276,1
DA:278,3
DA:279,1
DA:280,1
DA:281,2
DA:283,1
DA:285,3
DA:287,2
DA:289,1
DA:291,3
DA:293,2
DA:302,1
DA:303,1
DA:306,1
DA:307,1
DA:308,2
DA:309,2
DA:311,1
DA:312,1
DA:313,2
DA:314,2
DA:316,1
DA:317,1
DA:318,2
DA:319,2
DA:321,1
DA:323,3
DA:324,1
DA:325,1
DA:326,2
DA:328,1
DA:330,3
DA:332,2
DA:334,1
DA:335,1
DA:336,2
DA:337,2
DA:346,1
DA:347,1
DA:350,1
DA:352,3
DA:353,1
DA:354,1
DA:356,3
DA:357,1
DA:358,1
DA:360,3
DA:361,1
DA:363,1
DA:365,3
DA:367,2
DA:375,1
DA:376,1
DA:379,1
DA:381,3
DA:382,1
DA:383,1
DA:385,3
DA:386,1
DA:387,1
DA:389,3
DA:390,1
DA:392,1
DA:393,1
DA:394,2
DA:395,2
DA:403,2
DA:404,2
DA:407,0
DA:409,0
DA:410,0
DA:412,1
DA:414,3
DA:415,1
DA:416,1
DA:418,3
DA:419,1
DA:420,1
DA:422,3
DA:423,1
DA:424,1
DA:426,3
DA:427,1
DA:428,1
DA:430,3
DA:431,1
DA:433,1
DA:435,3
DA:436,1
DA:438,1
DA:440,3
DA:441,1
DA:442,1
DA:444,1
DA:446,3
DA:447,1
DA:448,1
DA:456,2
DA:457,2
DA:460,0
DA:462,0
DA:463,0
DA:464,0
DA:466,2
DA:468,8
DA:469,4
DA:470,6
DA:472,0
DA:478,0
DA:479,0
DA:481,0
DA:483,0
DA:488,0
DA:494,0
DA:495,0
DA:497,0
DA:499,0
DA:504,0
DA:510,0
DA:511,0
DA:513,0
DA:515,0
DA:520,0
DA:526,0
DA:527,0
DA:529,0
DA:531,0
DA:536,0
DA:538,0
DA:539,0
DA:540,0
DA:543,0
DA:544,0
DA:545,0
DA:547,0
DA:549,0
DA:550,0
DA:551,0
DA:552,0
DA:554,0
DA:555,0
LF:262
LH:117
end_of_record
SF:lib\data\models\genre_model.dart
DA:5,11
DA:13,6
DA:14,3
DA:15,3
DA:18,2
DA:19,1
DA:20,1
DA:23,4
DA:24,4
DA:25,4
DA:26,4
DA:30,3
DA:31,9
LF:13
LH:13
end_of_record
SF:lib\data\models\movie_table.dart
DA:11,8
DA:18,2
DA:19,1
DA:20,1
DA:21,1
DA:22,1
DA:25,2
DA:26,1
DA:27,1
DA:28,1
DA:29,1
DA:32,2
DA:33,1
DA:34,1
DA:35,1
DA:36,1
DA:39,2
DA:40,1
DA:41,1
DA:42,1
DA:43,1
DA:46,2
DA:47,10
LF:23
LH:23
end_of_record
SF:lib\data\models\season_model.dart
DA:5,9
DA:22,4
DA:23,2
DA:24,2
DA:25,2
DA:26,2
DA:27,2
DA:28,2
DA:29,2
DA:32,2
DA:33,1
DA:34,1
DA:35,1
DA:36,1
DA:37,1
DA:38,1
DA:39,1
DA:42,6
DA:43,3
DA:44,3
DA:45,3
DA:46,3
DA:49,2
DA:51,16
LF:24
LH:24
end_of_record
SF:lib\data\models\tv_show_detail_model.dart
DA:7,9
DA:51,2
DA:52,2
DA:53,2
DA:54,8
DA:55,2
DA:56,2
DA:57,6
DA:58,2
DA:59,2
DA:60,2
DA:61,2
DA:62,2
DA:63,2
DA:64,2
DA:65,2
DA:66,4
DA:67,2
DA:68,2
DA:69,6
DA:70,2
DA:71,2
DA:72,2
DA:73,4
DA:74,2
DA:77,2
DA:78,1
DA:79,1
DA:80,1
DA:81,3
DA:82,1
DA:83,1
DA:84,1
DA:85,1
DA:86,1
DA:87,1
DA:88,1
DA:89,1
DA:90,1
DA:91,1
DA:92,3
DA:93,1
DA:94,1
DA:95,1
DA:96,1
DA:97,1
DA:100,6
DA:101,3
DA:102,3
DA:103,3
DA:104,13
DA:105,3
DA:106,3
DA:107,3
DA:108,3
DA:109,3
DA:110,3
DA:111,13
DA:112,3
DA:113,3
DA:116,2
DA:117,2
DA:118,2
DA:119,2
DA:120,2
DA:121,2
DA:122,2
DA:123,2
DA:124,2
DA:125,2
DA:126,2
DA:127,2
DA:128,2
DA:129,2
DA:130,2
DA:131,2
DA:132,2
DA:133,2
DA:134,2
DA:135,2
DA:136,2
DA:137,2
LF:82
LH:82
end_of_record
SF:lib\data\models\tv_show_model.dart
DA:5,8
DA:35,4
DA:36,2
DA:37,2
DA:38,8
DA:39,2
DA:40,2
DA:41,8
DA:42,2
DA:43,2
DA:44,2
DA:45,4
DA:46,2
DA:47,4
DA:48,2
DA:51,2
DA:52,1
DA:53,1
DA:54,1
DA:55,1
DA:56,1
DA:57,1
DA:58,1
DA:59,1
DA:60,1
DA:61,1
DA:62,1
DA:63,1
DA:64,1
DA:67,4
DA:68,2
DA:69,2
DA:70,2
DA:71,2
DA:72,2
DA:73,2
DA:74,2
DA:75,2
DA:76,2
DA:77,2
DA:78,2
DA:79,2
DA:80,2
DA:83,2
DA:84,2
DA:85,2
DA:86,2
DA:87,2
DA:88,2
DA:89,2
DA:90,2
DA:91,2
DA:92,2
DA:93,2
DA:94,2
DA:95,2
DA:96,2
DA:97,2
LF:58
LH:58
end_of_record
SF:lib\data\models\tv_show_response.dart
DA:7,2
DA:9,4
DA:10,4
DA:11,6
DA:12,6
DA:15,2
DA:16,5
DA:19,1
DA:20,2
LF:9
LH:9
end_of_record
SF:lib\data\models\tv_show_table.dart
DA:6,2
DA:18,4
DA:19,2
DA:20,2
DA:21,2
DA:22,2
DA:25,2
DA:26,1
DA:27,1
DA:28,1
DA:29,1
DA:32,2
DA:33,1
DA:34,1
DA:35,1
DA:36,1
DA:39,2
DA:40,1
DA:41,1
DA:42,1
DA:43,1
DA:46,2
DA:47,2
DA:48,2
DA:49,2
DA:50,2
DA:51,2
LF:27
LH:27
end_of_record
SF:lib\domain\entities\genre.dart
DA:4,10
DA:12,3
DA:13,9
LF:3
LH:3
end_of_record
SF:lib\domain\entities\movie.dart
DA:4,10
DA:20,7
DA:50,2
DA:51,2
DA:52,2
DA:53,2
DA:54,2
DA:55,2
DA:56,2
DA:57,2
DA:58,2
DA:59,2
DA:60,2
DA:61,2
DA:62,2
DA:63,2
DA:64,2
LF:17
LH:17
end_of_record
SF:lib\domain\entities\movie_detail.dart
DA:5,8
DA:33,2
DA:34,2
DA:35,2
DA:36,2
DA:37,2
DA:38,2
DA:39,2
DA:40,2
DA:41,2
DA:42,2
DA:43,2
DA:44,2
DA:45,2
LF:14
LH:14
end_of_record
SF:lib\domain\entities\tv_show.dart
DA:4,2
DA:20,1
DA:50,2
DA:51,2
DA:52,2
DA:53,2
DA:54,2
DA:55,2
DA:56,2
DA:57,2
DA:58,2
DA:59,2
DA:60,2
DA:61,2
DA:62,2
DA:63,2
DA:64,2
LF:17
LH:17
end_of_record
SF:lib\common\failure.dart
DA:6,6
DA:8,2
DA:9,4
DA:13,4
DA:17,4
DA:21,6
DA:25,4
LF:7
LH:7
end_of_record
SF:lib\common\utils.dart
DA:3,0
LF:1
LH:0
end_of_record
SF:lib\styles\text_styles.dart
DA:5,0
DA:10,0
DA:16,0
DA:22,0
DA:30,0
DA:31,0
DA:32,0
DA:33,0
DA:34,0
LF:9
LH:0
end_of_record
SF:lib\data\datasources\db\database_helper.dart
DA:9,0
DA:13,0
DA:17,0
DA:18,0
DA:25,0
DA:26,0
DA:27,0
DA:29,0
DA:32,0
DA:37,0
DA:38,0
DA:45,0
DA:47,0
DA:54,0
DA:57,0
DA:58,0
DA:59,0
DA:62,0
DA:63,0
DA:64,0
DA:67,0
DA:68,0
DA:69,0
DA:72,0
DA:76,0
DA:77,0
DA:78,0
DA:81,0
DA:85,0
DA:86,0
DA:87,0
DA:90,0
DA:93,0
DA:94,0
DA:100,0
DA:101,0
DA:102,0
DA:105,0
DA:108,0
DA:109,0
DA:115,0
DA:116,0
DA:118,0
DA:123,0
DA:124,0
DA:126,0
LF:46
LH:0
end_of_record
SF:lib\data\datasources\movie_remote_data_source.dart
DA:21,1
DA:23,1
DA:26,4
DA:28,2
DA:29,4
DA:31,1
DA:35,1
DA:37,4
DA:39,2
DA:40,3
DA:42,1
DA:46,1
DA:48,1
DA:49,3
DA:51,2
DA:52,4
DA:54,1
DA:58,1
DA:61,4
DA:63,2
DA:64,4
DA:66,1
DA:70,1
DA:73,4
DA:75,2
DA:76,4
DA:78,1
DA:82,1
DA:84,1
DA:85,3
DA:87,2
DA:88,4
DA:90,1
LF:33
LH:33
end_of_record
SF:lib\data\models\movie_detail_model.dart
DA:6,4
DA:52,2
DA:53,2
DA:54,2
DA:55,2
DA:56,2
DA:57,2
DA:58,6
DA:59,2
DA:60,2
DA:61,2
DA:62,2
DA:63,2
DA:64,2
DA:65,4
DA:66,2
DA:67,2
DA:68,2
DA:69,2
DA:70,2
DA:71,2
DA:72,2
DA:73,2
DA:74,4
DA:75,2
DA:78,2
DA:79,1
DA:80,1
DA:81,1
DA:82,3
DA:83,1
DA:84,1
DA:85,1
DA:86,1
DA:87,1
DA:88,1
DA:89,1
DA:90,1
DA:91,1
DA:92,1
DA:93,1
DA:94,1
DA:95,1
DA:96,1
DA:97,1
DA:98,1
DA:99,1
DA:102,2
DA:103,2
DA:104,2
DA:105,2
DA:106,8
DA:107,2
DA:108,2
DA:109,2
DA:110,2
DA:111,2
DA:112,2
DA:113,2
DA:114,2
DA:115,2
DA:119,2
DA:120,2
DA:121,2
DA:122,2
DA:123,2
DA:124,2
DA:125,2
DA:126,2
DA:127,2
DA:128,2
DA:129,2
DA:130,2
DA:131,2
DA:132,2
DA:133,2
DA:134,2
DA:135,2
DA:136,2
DA:137,2
DA:138,2
DA:139,2
DA:140,2
DA:141,2
LF:84
LH:84
end_of_record
SF:lib\data\models\movie_model.dart
DA:5,5
DA:35,4
DA:36,2
DA:37,2
DA:38,8
DA:39,2
DA:40,2
DA:41,2
DA:42,4
DA:43,2
DA:44,2
DA:45,2
DA:46,2
DA:47,4
DA:48,2
DA:51,2
DA:52,1
DA:53,1
DA:54,4
DA:55,1
DA:56,1
DA:57,1
DA:58,1
DA:59,1
DA:60,1
DA:61,1
DA:62,1
DA:63,1
DA:64,1
DA:67,2
DA:68,2
DA:69,2
DA:70,2
DA:71,2
DA:72,2
DA:73,2
DA:74,2
DA:75,2
DA:76,2
DA:77,2
DA:78,2
DA:79,2
DA:80,2
DA:81,2
DA:85,2
DA:86,2
DA:87,2
DA:88,2
DA:89,2
DA:90,2
DA:91,2
DA:92,2
DA:93,2
DA:94,2
DA:95,2
DA:96,2
DA:97,2
DA:98,2
DA:99,2
LF:59
LH:59
end_of_record
SF:lib\data\models\movie_response.dart
DA:7,3
DA:9,4
DA:10,2
DA:11,2
DA:12,6
DA:13,6
DA:17,2
DA:18,1
DA:19,4
DA:23,1
DA:24,2
LF:11
LH:11
end_of_record
SF:lib\data\datasources\tv_show_local_data_source.dart
DA:15,1
DA:17,1
DA:19,2
DA:21,1
DA:27,1
DA:30,2
DA:31,4
DA:33,2
DA:37,1
DA:40,2
DA:43,2
DA:47,1
DA:50,2
DA:53,2
LF:14
LH:14
end_of_record
SF:lib\data\datasources\tv_show_remote_data_source.dart
DA:21,1
DA:23,1
DA:26,4
DA:28,2
DA:29,4
DA:31,1
DA:35,1
DA:37,4
DA:39,2
DA:40,4
DA:42,1
DA:46,1
DA:48,4
DA:50,2
DA:51,3
DA:53,1
DA:57,1
DA:60,4
DA:62,2
DA:63,4
DA:65,1
DA:69,1
DA:72,4
DA:74,2
DA:75,4
DA:77,1
DA:81,1
DA:84,4
DA:86,2
DA:87,4
DA:89,1
LF:31
LH:31
end_of_record
SF:lib\domain\entities\season.dart
DA:4,3
DA:16,2
DA:17,2
DA:18,2
DA:19,2
DA:20,2
DA:21,2
LF:7
LH:7
end_of_record
SF:lib\domain\entities\tv_show_detail.dart
DA:6,3
DA:36,2
DA:37,2
DA:38,2
DA:39,2
DA:40,2
DA:41,2
DA:42,2
DA:43,2
DA:44,2
DA:45,2
DA:46,2
DA:47,2
DA:48,2
DA:49,2
DA:50,2
LF:16
LH:16
end_of_record
SF:lib\data\repositories\movie_repository_impl.dart
DA:17,1
DA:22,1
DA:25,2
DA:26,5
DA:27,1
DA:29,1
DA:31,1
DA:36,1
DA:39,2
DA:40,2
DA:41,1
DA:43,1
DA:45,1
DA:50,1
DA:53,2
DA:54,3
DA:55,1
DA:57,1
DA:59,1
DA:64,1
DA:67,2
DA:68,5
DA:69,1
DA:71,1
DA:73,1
DA:78,1
DA:81,2
DA:82,5
DA:83,1
DA:85,1
DA:87,1
DA:92,1
DA:95,2
DA:96,5
DA:97,1
DA:99,1
DA:101,1
DA:106,1
DA:110,3
DA:111,1
DA:112,1
DA:113,3
DA:119,1
DA:123,3
DA:124,1
DA:125,1
DA:126,3
DA:130,1
DA:132,2
DA:136,1
DA:138,2
DA:139,5
LF:52
LH:52
end_of_record
SF:lib\data\repositories\tv_show_repository_impl.dart
DA:14,1
DA:22,1
DA:25,2
DA:26,5
DA:27,1
DA:29,1
DA:31,1
DA:36,1
DA:39,2
DA:40,5
DA:41,1
DA:43,1
DA:45,1
DA:50,1
DA:53,2
DA:54,2
DA:55,1
DA:57,1
DA:59,1
DA:64,1
DA:67,2
DA:68,5
DA:69,1
DA:71,1
DA:73,1
DA:78,1
DA:81,2
DA:82,5
DA:83,1
DA:85,1
DA:87,1
DA:92,1
DA:95,2
DA:96,5
DA:97,1
DA:99,1
DA:101,1
DA:106,1
DA:108,2
DA:109,5
DA:112,1
DA:114,2
DA:118,1
DA:122,3
DA:123,1
DA:124,1
DA:125,3
DA:129,1
DA:133,3
DA:134,1
DA:135,1
DA:136,3
LF:52
LH:52
end_of_record
