SF:lib\domain\usecases\movie\get_movie_detail.dart
DA:9,1
DA:11,1
DA:12,2
LF:3
LH:3
end_of_record
SF:lib\domain\usecases\movie\get_movie_recommendations.dart
DA:9,1
DA:11,1
DA:12,2
LF:3
LH:3
end_of_record
SF:lib\domain\usecases\movie\get_now_playing_movies.dart
DA:9,1
DA:11,1
DA:12,2
LF:3
LH:3
end_of_record
SF:lib\domain\usecases\movie\get_popular_movies.dart
DA:9,1
DA:11,1
DA:12,2
LF:3
LH:3
end_of_record
SF:lib\domain\usecases\movie\get_top_rated_movies.dart
DA:9,1
DA:11,1
DA:12,2
LF:3
LH:3
end_of_record
SF:lib\domain\usecases\movie\get_watchlist_movies.dart
DA:9,1
DA:11,1
DA:12,2
LF:3
LH:3
end_of_record
SF:lib\domain\usecases\movie\get_watchlist_status_movie.dart
DA:6,1
DA:8,1
DA:9,2
LF:3
LH:3
end_of_record
SF:lib\domain\usecases\movie\remove_watchlist.dart
DA:9,1
DA:11,1
DA:12,2
LF:3
LH:3
end_of_record
SF:lib\domain\usecases\movie\save_watchlist.dart
DA:9,1
DA:11,1
DA:12,2
LF:3
LH:3
end_of_record
SF:lib\presentation\bloc\movie_detail_event.dart
DA:5,2
DA:7,0
DA:8,0
DA:14,2
DA:16,0
DA:17,0
DA:23,1
DA:25,0
DA:26,0
DA:32,1
DA:34,0
DA:35,0
DA:41,0
DA:43,0
DA:44,0
LF:15
LH:4
end_of_record
SF:lib\presentation\bloc\movie_detail_state.dart
DA:13,7
DA:23,2
DA:32,2
DA:33,2
DA:34,2
DA:35,1
DA:36,2
DA:37,2
DA:38,2
DA:39,2
DA:43,2
DA:55,1
DA:56,1
DA:57,1
DA:58,1
DA:59,1
DA:60,1
DA:61,1
DA:62,1
DA:63,1
LF:20
LH:20
end_of_record
SF:lib\presentation\bloc\movie_detail_bloc.dart
DA:23,1
DA:29,2
DA:30,1
DA:31,1
DA:32,3
DA:34,3
DA:35,3
DA:37,1
DA:38,4
DA:39,2
DA:40,2
DA:48,1
DA:49,1
DA:50,3
DA:51,2
DA:52,2
DA:62,1
DA:63,0
DA:65,0
DA:66,0
DA:67,0
DA:69,0
DA:70,0
DA:74,0
DA:77,1
DA:78,0
DA:79,0
DA:81,0
DA:82,0
DA:83,0
DA:85,0
DA:86,0
DA:90,0
DA:94,1
DA:95,0
DA:96,0
DA:97,0
LF:37
LH:19
end_of_record
SF:lib\presentation\bloc\now_playing_movie_event.dart
DA:4,1
DA:6,0
DA:7,0
DA:12,1
DA:14,1
DA:15,1
LF:6
LH:4
end_of_record
SF:lib\presentation\bloc\now_playing_movie_state.dart
DA:4,2
DA:6,1
DA:7,1
DA:17,2
DA:19,1
DA:20,2
DA:26,2
DA:28,1
DA:29,2
LF:9
LH:9
end_of_record
SF:lib\presentation\bloc\now_playing_movie_bloc.dart
DA:14,1
DA:15,3
DA:18,3
DA:19,2
DA:20,2
DA:21,2
DA:23,1
DA:24,4
DA:25,2
DA:26,2
DA:27,2
DA:28,1
LF:12
LH:12
end_of_record
SF:lib\presentation\bloc\popular_movie_state.dart
DA:4,4
DA:6,1
DA:7,1
DA:17,3
DA:19,1
DA:20,2
DA:26,3
DA:28,1
DA:29,2
LF:9
LH:9
end_of_record
SF:lib\presentation\bloc\popular_movie_event.dart
DA:4,2
DA:6,0
DA:7,0
DA:11,2
DA:13,1
DA:14,1
LF:6
LH:4
end_of_record
SF:lib\presentation\bloc\popular_movie_bloc.dart
DA:14,1
DA:15,3
DA:18,3
DA:19,2
DA:20,2
DA:21,2
DA:23,1
DA:24,4
DA:25,2
DA:26,2
DA:27,2
DA:28,1
LF:12
LH:12
end_of_record
SF:lib\presentation\bloc\top_rated_movie_event.dart
DA:4,2
DA:6,0
DA:7,0
DA:11,2
DA:13,1
DA:14,1
LF:6
LH:4
end_of_record
SF:lib\presentation\bloc\top_rated_movie_state.dart
DA:4,4
DA:6,1
DA:7,1
DA:17,3
DA:19,1
DA:20,2
DA:26,3
DA:28,1
DA:29,2
LF:9
LH:9
end_of_record
SF:lib\presentation\bloc\top_rated_movie_bloc.dart
DA:13,1
DA:14,3
DA:17,3
DA:18,2
DA:19,2
DA:20,2
DA:22,1
DA:23,4
DA:24,2
DA:25,2
DA:26,2
DA:27,1
LF:12
LH:12
end_of_record
SF:lib\presentation\bloc\watchlist_movie_state.dart
DA:4,4
DA:6,1
DA:7,1
DA:17,3
DA:19,1
DA:20,2
DA:26,3
DA:28,1
DA:29,2
LF:9
LH:9
end_of_record
SF:lib\presentation\bloc\watchlist_movie_event.dart
DA:4,2
DA:6,0
DA:7,0
DA:11,1
DA:12,1
LF:5
LH:3
end_of_record
SF:lib\presentation\bloc\watchlist_movie_bloc.dart
DA:14,1
DA:15,3
DA:18,3
DA:19,2
DA:20,2
DA:21,2
DA:23,1
DA:24,1
DA:25,3
DA:27,1
DA:28,1
DA:29,2
DA:30,2
DA:33,1
LF:14
LH:14
end_of_record
SF:lib\presentation\pages\popular_movies_page.dart
DA:11,1
DA:13,1
DA:14,1
DA:18,1
DA:20,1
DA:21,2
DA:22,3
DA:26,1
DA:28,1
DA:29,1
DA:32,1
DA:34,1
DA:35,1
DA:36,1
DA:40,1
DA:41,1
DA:42,0
DA:43,0
DA:45,0
DA:51,2
DA:53,1
DA:54,1
DA:56,2
DA:59,0
LF:24
LH:20
end_of_record
SF:lib\presentation\pages\movie_detail_page.dart
DA:15,1
DA:19,1
DA:20,1
DA:24,1
DA:26,1
DA:27,2
DA:28,2
DA:29,4
DA:30,2
DA:31,4
DA:35,1
DA:37,1
DA:38,1
DA:39,1
DA:40,1
DA:41,2
DA:45,2
DA:46,1
DA:47,1
DA:48,1
DA:49,1
DA:50,1
DA:53,2
DA:54,2
DA:59,1
DA:60,2
DA:61,2
DA:62,2
DA:63,1
DA:64,2
DA:68,1
DA:70,1
DA:71,1
DA:72,1
DA:73,1
DA:74,1
DA:80,1
DA:81,3
DA:82,2
DA:94,1
DA:99,1
DA:101,1
DA:103,1
DA:104,3
DA:105,1
DA:106,1
DA:107,2
DA:108,1
DA:110,1
DA:111,1
DA:112,1
DA:113,4
DA:115,0
DA:118,1
DA:120,1
DA:121,1
DA:130,1
DA:131,3
DA:133,1
DA:134,3
DA:136,1
DA:137,1
DA:138,1
DA:139,3
DA:141,1
DA:147,4
DA:151,1
DA:153,1
DA:155,1
DA:156,5
DA:159,1
DA:161,1
DA:163,2
DA:164,1
DA:167,1
DA:169,1
DA:170,2
DA:171,1
DA:173,1
DA:174,0
DA:175,0
DA:178,0
DA:181,1
DA:185,1
DA:186,2
DA:187,1
DA:194,0
DA:201,2
DA:212,1
DA:214,2
DA:215,3
DA:218,1
DA:222,3
DA:225,1
DA:226,1
DA:227,1
DA:229,1
DA:230,1
DA:232,0
LF:99
LH:93
end_of_record
SF:lib\presentation\pages\watchlist_movies_page.dart
DA:10,1
DA:12,1
DA:13,1
DA:18,1
DA:20,1
DA:21,4
DA:24,1
DA:26,1
DA:28,1
DA:29,1
DA:30,1
DA:34,1
DA:35,0
DA:36,0
DA:38,1
DA:39,1
DA:40,0
DA:41,0
DA:43,0
DA:49,2
DA:51,1
DA:52,1
DA:54,2
DA:57,0
DA:58,0
LF:25
LH:18
end_of_record
SF:lib\presentation\pages\top_rated_movies_page.dart
DA:11,1
DA:13,1
DA:14,1
DA:18,1
DA:20,1
DA:21,2
DA:22,3
DA:26,1
DA:28,1
DA:29,1
DA:32,1
DA:34,1
DA:35,1
DA:36,1
DA:40,1
DA:41,1
DA:42,0
DA:43,0
DA:45,0
DA:51,2
DA:53,1
DA:54,1
DA:56,2
DA:59,0
LF:24
LH:20
end_of_record
