SF:lib\domain\usecases\search_movies.dart
DA:9,1
DA:11,1
DA:12,2
LF:3
LH:3
end_of_record
SF:lib\domain\usecases\search_tv_shows.dart
DA:9,1
DA:11,1
DA:12,2
LF:3
LH:3
end_of_record
SF:lib\presentation\bloc\movie\search_movie_state.dart
DA:4,4
DA:6,1
DA:7,1
DA:17,3
DA:19,1
DA:20,2
DA:26,3
DA:28,1
DA:29,2
LF:9
LH:9
end_of_record
SF:lib\presentation\bloc\movie\search_movie_event.dart
DA:4,1
DA:6,0
DA:7,0
DA:13,1
DA:15,1
DA:16,2
LF:6
LH:4
end_of_record
SF:lib\presentation\bloc\movie\search_movie_bloc.dart
DA:13,1
DA:14,3
DA:17,3
DA:18,2
DA:19,1
DA:21,2
DA:22,2
DA:24,1
DA:25,4
DA:26,2
DA:27,2
DA:28,2
DA:30,1
LF:13
LH:13
end_of_record
SF:lib\presentation\bloc\tvshow\search_tv_state.dart
DA:4,4
DA:6,1
DA:7,1
DA:17,3
DA:19,1
DA:20,2
DA:26,3
DA:28,1
DA:29,2
LF:9
LH:9
end_of_record
SF:lib\presentation\bloc\tvshow\search_tv_bloc.dart
DA:13,1
DA:14,3
DA:17,3
DA:18,2
DA:19,1
DA:21,2
DA:22,2
DA:24,1
DA:25,4
DA:26,2
DA:27,2
DA:28,2
DA:30,1
LF:13
LH:13
end_of_record
SF:lib\presentation\bloc\tvshow\search_tv_event.dart
DA:4,1
DA:6,0
DA:7,0
DA:13,1
DA:15,1
DA:16,2
LF:6
LH:4
end_of_record
SF:lib\presentation\pages\search_movie_page.dart
DA:13,1
DA:16,0
DA:20,1
DA:21,1
DA:27,1
DA:29,4
DA:31,1
DA:32,1
DA:33,3
DA:35,1
DA:37,1
DA:39,1
DA:40,1
DA:41,0
DA:42,0
DA:52,1
DA:54,1
DA:56,1
DA:57,1
DA:58,1
DA:59,1
DA:60,1
DA:61,1
DA:62,1
DA:63,1
DA:64,1
DA:65,1
DA:66,1
DA:73,0
DA:82,1
DA:83,1
DA:84,1
DA:86,1
DA:87,1
DA:88,1
DA:90,2
DA:94,1
DA:99,2
DA:101,1
DA:102,1
DA:103,2
DA:104,1
LF:42
LH:38
end_of_record
SF:lib\presentation\pages\search_tv_page.dart
DA:13,1
DA:16,0
DA:20,1
DA:21,1
DA:27,1
DA:29,4
DA:31,1
DA:32,1
DA:33,3
DA:35,1
DA:37,1
DA:39,1
DA:40,1
DA:41,0
DA:42,0
DA:52,1
DA:54,1
DA:56,1
DA:57,1
DA:58,1
DA:59,1
DA:60,1
DA:61,1
DA:62,1
DA:63,1
DA:64,1
DA:65,1
DA:66,1
DA:73,0
DA:83,1
DA:84,1
DA:85,1
DA:87,1
DA:88,1
DA:89,1
DA:91,2
DA:95,1
DA:100,2
DA:102,1
DA:103,1
DA:104,2
DA:105,1
LF:42
LH:38
end_of_record
