SF:lib\presentation\bloc\now_playing_tv_bloc.dart
DA:13,1
DA:14,3
DA:17,3
DA:18,2
DA:19,2
DA:20,2
DA:22,1
DA:23,4
DA:24,2
DA:25,2
DA:26,2
DA:27,1
LF:12
LH:12
end_of_record
SF:lib\presentation\bloc\now_playing_tv_state.dart
DA:4,2
DA:6,1
DA:7,1
DA:17,2
DA:19,1
DA:20,2
DA:26,1
DA:28,1
DA:29,2
LF:9
LH:9
end_of_record
SF:lib\presentation\bloc\now_playing_tv_event.dart
DA:4,1
DA:6,0
DA:7,0
DA:11,1
DA:13,1
DA:14,1
LF:6
LH:4
end_of_record
SF:lib\presentation\bloc\popular_tv_event.dart
DA:4,5
DA:6,0
DA:7,0
DA:11,5
DA:13,1
DA:14,1
LF:6
LH:4
end_of_record
SF:lib\presentation\bloc\popular_tv_bloc.dart
DA:13,1
DA:14,3
DA:17,3
DA:18,2
DA:19,2
DA:20,2
DA:22,1
DA:23,4
DA:24,2
DA:25,2
DA:26,2
DA:27,1
LF:12
LH:12
end_of_record
SF:lib\presentation\bloc\popular_tv_state.dart
DA:4,4
DA:6,1
DA:7,1
DA:17,3
DA:19,1
DA:20,2
DA:26,2
DA:28,1
DA:29,2
LF:9
LH:9
end_of_record
SF:lib\presentation\bloc\top_rated_tv_event.dart
DA:4,2
DA:6,0
DA:7,0
DA:11,2
DA:13,1
DA:14,1
LF:6
LH:4
end_of_record
SF:lib\presentation\bloc\top_rated_tv_bloc.dart
DA:13,1
DA:14,3
DA:17,3
DA:18,2
DA:19,2
DA:20,2
DA:22,1
DA:23,4
DA:24,2
DA:25,2
DA:26,2
DA:27,1
LF:12
LH:12
end_of_record
SF:lib\presentation\bloc\top_rated_tv_state.dart
DA:4,4
DA:6,1
DA:7,1
DA:17,3
DA:19,1
DA:20,2
DA:26,2
DA:28,1
DA:29,2
LF:9
LH:9
end_of_record
SF:lib\presentation\bloc\tv_detail_event.dart
DA:5,2
DA:7,0
DA:8,0
DA:14,2
DA:16,0
DA:17,0
DA:23,1
DA:25,0
DA:26,0
DA:32,1
DA:34,0
DA:35,0
DA:41,0
DA:43,0
DA:44,0
LF:15
LH:4
end_of_record
SF:lib\presentation\bloc\tv_detail_state.dart
DA:13,7
DA:23,2
DA:32,2
DA:33,2
DA:34,2
DA:35,1
DA:36,2
DA:37,2
DA:38,2
DA:39,2
DA:43,2
DA:55,1
DA:56,1
DA:57,1
DA:58,1
DA:59,1
DA:60,1
DA:61,1
DA:62,1
DA:63,1
LF:20
LH:20
end_of_record
SF:lib\presentation\bloc\tv_detail_bloc.dart
DA:23,1
DA:29,2
DA:30,1
DA:31,1
DA:32,3
DA:34,3
DA:35,3
DA:37,1
DA:38,4
DA:39,2
DA:40,2
DA:48,1
DA:49,1
DA:50,3
DA:51,2
DA:52,2
DA:62,1
DA:63,0
DA:65,0
DA:66,0
DA:67,0
DA:69,0
DA:70,0
DA:74,0
DA:77,1
DA:78,0
DA:79,0
DA:81,0
DA:82,0
DA:83,0
DA:85,0
DA:86,0
DA:90,0
DA:94,1
DA:95,0
DA:96,0
DA:97,0
LF:37
LH:19
end_of_record
SF:lib\presentation\bloc\watchlist_tv_event.dart
DA:4,2
DA:6,0
DA:7,0
DA:11,1
DA:12,1
LF:5
LH:3
end_of_record
SF:lib\presentation\bloc\watchlist_tv_state.dart
DA:4,4
DA:6,1
DA:7,1
DA:17,3
DA:19,1
DA:20,2
DA:26,2
DA:28,1
DA:29,2
LF:9
LH:9
end_of_record
SF:lib\presentation\bloc\watchlist_tv_bloc.dart
DA:13,1
DA:14,3
DA:17,3
DA:18,2
DA:19,2
DA:20,2
DA:22,1
DA:23,1
DA:24,3
DA:26,1
DA:27,1
DA:28,2
DA:29,2
DA:32,1
LF:14
LH:14
end_of_record
SF:lib\presentation\pages\popular_tv_page.dart
DA:11,1
DA:13,1
DA:14,1
DA:18,1
DA:20,1
DA:21,2
DA:22,3
DA:26,1
DA:28,1
DA:29,1
DA:32,1
DA:34,1
DA:35,1
DA:36,1
DA:40,1
DA:41,1
DA:42,0
DA:43,0
DA:45,0
DA:51,2
DA:53,1
DA:54,1
DA:56,2
DA:58,1
DA:59,1
DA:61,0
LF:26
LH:22
end_of_record
SF:lib\presentation\pages\tv_detail_page.dart
DA:15,1
DA:19,1
DA:20,1
DA:24,1
DA:26,1
DA:27,2
DA:28,2
DA:29,4
DA:30,2
DA:31,4
DA:35,1
DA:37,1
DA:38,1
DA:39,1
DA:40,1
DA:41,2
DA:45,2
DA:46,1
DA:47,1
DA:49,3
DA:62,2
DA:64,1
DA:66,1
DA:67,3
DA:68,1
DA:69,1
DA:70,2
DA:71,1
DA:73,1
DA:74,1
DA:75,2
DA:76,4
DA:78,0
DA:81,2
DA:83,1
DA:84,1
DA:85,1
DA:86,3
DA:89,1
DA:91,1
DA:92,2
DA:101,1
DA:102,3
DA:104,1
DA:105,3
DA:106,0
DA:109,1
DA:110,1
DA:111,1
DA:112,3
DA:114,1
DA:120,4
DA:124,1
DA:125,3
DA:127,1
DA:128,3
DA:131,1
DA:133,1
DA:135,1
DA:136,5
DA:139,1
DA:141,1
DA:143,3
DA:144,1
DA:147,1
DA:149,1
DA:150,3
DA:151,1
DA:153,1
DA:154,0
DA:155,0
DA:158,0
DA:161,1
DA:165,1
DA:166,2
DA:167,1
DA:174,0
DA:181,3
DA:186,1
DA:188,1
DA:190,3
DA:191,1
DA:194,1
DA:196,1
DA:197,3
DA:199,1
DA:201,1
DA:205,1
DA:206,1
DA:207,1
DA:208,0
DA:220,1
DA:222,2
DA:223,1
DA:226,0
DA:229,1
DA:230,1
DA:231,1
DA:234,1
DA:237,1
DA:238,2
DA:239,2
DA:247,3
DA:258,1
DA:260,2
DA:261,3
DA:264,1
DA:268,3
LF:108
LH:100
end_of_record
SF:lib\presentation\pages\top_rated_tv_page.dart
DA:11,1
DA:13,1
DA:14,1
DA:18,1
DA:20,1
DA:21,2
DA:22,3
DA:26,1
DA:28,1
DA:29,1
DA:32,1
DA:34,1
DA:35,1
DA:36,1
DA:40,1
DA:41,1
DA:42,0
DA:43,0
DA:45,0
DA:51,2
DA:53,1
DA:54,1
DA:56,2
DA:58,1
DA:59,1
DA:61,0
LF:26
LH:22
end_of_record
SF:lib\presentation\pages\watchlist_tv_page.dart
DA:10,1
DA:12,1
DA:13,1
DA:17,1
DA:19,1
DA:20,4
DA:23,1
DA:25,1
DA:27,1
DA:28,1
DA:29,1
DA:33,1
DA:34,1
DA:35,0
DA:36,0
DA:38,0
DA:44,2
DA:46,1
DA:47,1
DA:49,2
DA:51,1
DA:52,1
DA:54,0
DA:55,0
LF:24
LH:19
end_of_record
